<?xml version="1.0" encoding="UTF-8"?>
<!-- Generated by org.testng.reporters.JUnitReportReporter -->
<testsuite skipped="0" hostname="LAPTOP-J0IRR7B1" name="dataprovider.Allinone" tests="3" failures="0" timestamp="02 Feb 2023 18:02:46 GMT" time="17.578" errors="0">
  <testcase name="Actitime" time="8.683" classname="dataprovider.Allinone"/>
  <testcase name="vtiger" time="4.271" classname="dataprovider.Allinone"/>
  <testcase name="oranagehrm" time="4.624" classname="dataprovider.Allinone"/>
</testsuite> <!-- dataprovider.Allinone -->
