<?xml version="1.0" encoding="UTF-8"?>
<!-- Generated by org.testng.reporters.JUnitReportReporter -->
<testsuite skipped="0" hostname="LAPTOP-J0IRR7B1" name="extendreports.ExtendReports" tests="1" failures="0" timestamp="08 Feb 2023 18:39:48 GMT" time="3.203" errors="0">
  <testcase name="extentReportsDemo" time="3.203" classname="extendreports.ExtendReports"/>
</testsuite> <!-- extendreports.ExtendReports -->
