<?xml version="1.0" encoding="UTF-8"?>
<!-- Generated by org.testng.reporters.JUnitReportReporter -->
<testsuite skipped="0" hostname="LAPTOP-J0IRR7B1" name="basicBDD.webpagesscripts.OrangeHrm" tests="3" failures="0" timestamp="10 Feb 2023 16:11:05 GMT" time="50.873" errors="0">
  <testcase name="testPIMCreation" time="9.944" classname="basicBDD.webpagesscripts.OrangeHrm"/>
  <testcase name="testPIMModofication" time="31.749" classname="basicBDD.webpagesscripts.OrangeHrm"/>
  <testcase name="testPIMDeletion" time="9.180" classname="basicBDD.webpagesscripts.OrangeHrm"/>
</testsuite> <!-- basicBDD.webpagesscripts.OrangeHrm -->
