<?xml version="1.0" encoding="UTF-8"?>
<!-- Generated by org.testng.reporters.JUnitReportReporter -->
<testsuite skipped="0" hostname="LAPTOP-J0IRR7B1" name="orangehrm.UtilityPIMTestng" tests="3" failures="0" timestamp="07 Feb 2023 16:45:38 GMT" time="19.402" errors="0">
  <testcase name="PIMcreation" time="10.598" classname="orangehrm.UtilityPIMTestng"/>
  <testcase name="PIMModofication" time="7.002" classname="orangehrm.UtilityPIMTestng"/>
  <testcase name="PIMDeletion" time="1.802" classname="orangehrm.UtilityPIMTestng"/>
</testsuite> <!-- orangehrm.UtilityPIMTestng -->
