<?xml version="1.0" encoding="UTF-8"?>
<!-- Generated by org.testng.reporters.JUnitReportReporter -->
<testsuite skipped="0" hostname="LAPTOP-J0IRR7B1" name="annotations.Flipkart" tests="4" failures="0" timestamp="24 May 2023 13:17:32 GMT" time="24.308" errors="0">
  <testcase name="open" time="18.570" classname="annotations.Flipkart"/>
  <testcase name="popup" time="0.575" classname="annotations.Flipkart"/>
  <testcase name="search" time="5.009" classname="annotations.Flipkart"/>
  <testcase name="close" time="0.154" classname="annotations.Flipkart"/>
</testsuite> <!-- annotations.Flipkart -->
