<?xml version="1.0" encoding="UTF-8"?>
<!-- Generated by org.testng.reporters.JUnitReportReporter -->
<testsuite skipped="0" hostname="LAPTOP-J0IRR7B1" name="actitime.login" tests="4" failures="0" timestamp="01 Feb 2023 18:42:11 GMT" time="75.985" errors="0">
  <testcase name="b" time="24.144" classname="actitime.login"/>
  <testcase name="c" time="21.922" classname="actitime.login"/>
  <testcase name="a" time="23.202" classname="actitime.login"/>
  <testcase name="d" time="6.717" classname="actitime.login"/>
</testsuite> <!-- actitime.login -->
