<?xml version="1.0" encoding="UTF-8"?>
<!-- Generated by org.testng.reporters.JUnitReportReporter -->
<testsuite skipped="0" hostname="LAPTOP-J0IRR7B1" name="testng.Gsearch" tests="3" failures="0" timestamp="09 Feb 2023 18:04:03 GMT" time="3.006" errors="0">
  <testcase name="open" time="2.471" classname="testng.Gsearch"/>
  <testcase name="popup" time="0.058" classname="testng.Gsearch"/>
  <testcase name="search" time="0.477" classname="testng.Gsearch"/>
</testsuite> <!-- testng.Gsearch -->
