<?xml version="1.0" encoding="UTF-8"?>
<!-- Generated by org.testng.reporters.JUnitReportReporter -->
<testsuite skipped="0" hostname="LAPTOP-J0IRR7B1" name="basicBDD.webpagesscripts.Testgsm" tests="1" failures="0" timestamp="25 May 2023 17:39:36 GMT" time="33.643" errors="0">
  <testcase name="testGoogleSearchFunctinality" time="33.643" classname="basicBDD.webpagesscripts.Testgsm"/>
</testsuite> <!-- basicBDD.webpagesscripts.Testgsm -->
