<?xml version="1.0" encoding="UTF-8"?>
<!-- Generated by org.testng.reporters.JUnitReportReporter -->
<testsuite skipped="0" hostname="LAPTOP-J0IRR7B1" name="extendreports.ExtentReportSS" tests="2" failures="0" timestamp="23 Sep 2023 16:56:48 GMT" time="5.305" errors="0">
  <testcase name="TestCase1" time="2.582" classname="extendreports.ExtentReportSS"/>
  <testcase name="TestCase2" time="2.723" classname="extendreports.ExtentReportSS"/>
</testsuite> <!-- extendreports.ExtentReportSS -->
