<?xml version="1.0" encoding="UTF-8"?>
<!-- Generated by org.testng.reporters.JUnitReportReporter -->
<testsuite skipped="0" hostname="LAPTOP-J0IRR7B1" name="testng.Example4" tests="1" failures="0" timestamp="25 Jan 2023 13:53:16 GMT" time="0.008" errors="0">
  <testcase name="testCase1" time="0.008" classname="testng.Example4"/>
</testsuite> <!-- testng.Example4 -->
