<?xml version="1.0" encoding="UTF-8"?>
<!-- Generated by org.testng.reporters.JUnitReportReporter -->
<testsuite skipped="0" hostname="LAPTOP-J0IRR7B1" name="parameterization.Actitime" tests="1" failures="0" timestamp="20 Sep 2023 23:54:55 GMT" time="8.195" errors="0">
  <testcase name="actitime" time="8.195" classname="parameterization.Actitime"/>
</testsuite> <!-- parameterization.Actitime -->
