<?xml version="1.0" encoding="UTF-8"?>
<!-- Generated by org.testng.reporters.JUnitReportReporter -->
<testsuite skipped="0" hostname="LAPTOP-J0IRR7B1" name="annotations.Flipkart" tests="4" failures="0" timestamp="01 Feb 2023 14:06:36 GMT" time="13.327" errors="0">
  <testcase name="open" time="9.380" classname="annotations.Flipkart"/>
  <testcase name="popup" time="0.098" classname="annotations.Flipkart"/>
  <testcase name="search" time="3.677" classname="annotations.Flipkart"/>
  <testcase name="close" time="0.172" classname="annotations.Flipkart"/>
</testsuite> <!-- annotations.Flipkart -->
