<?xml version="1.0" encoding="UTF-8"?>
<!-- Generated by org.testng.reporters.JUnitReportReporter -->
<testsuite skipped="0" hostname="LAPTOP-J0IRR7B1" name="extendreports.GoogleSearch" tests="1" failures="0" timestamp="23 Jun 2023 15:54:57 GMT" time="4.064" errors="0">
  <testcase name="extentReportsDemo" time="4.064" classname="extendreports.GoogleSearch"/>
</testsuite> <!-- extendreports.GoogleSearch -->
