<?xml version="1.0" encoding="UTF-8"?>
<!-- Generated by org.testng.reporters.JUnitReportReporter -->
<testsuite skipped="0" hostname="LAPTOP-J0IRR7B1" name="browseropening.NewTest" tests="1" failures="0" timestamp="03 Oct 2023 17:57:12 GMT" time="2.707" errors="0">
  <testcase name="f" time="2.707" classname="browseropening.NewTest"/>
</testsuite> <!-- browseropening.NewTest -->
