<?xml version="1.0" encoding="UTF-8"?>
<!-- Generated by org.testng.reporters.JUnitReportReporter -->
<testsuite skipped="0" hostname="LAPTOP-J0IRR7B1" name="testng.Timeout" tests="1" failures="0" timestamp="25 Jan 2023 16:01:40 GMT" time="0.110" errors="0">
  <testcase name="openBrowserAndAppURL" time="0.110" classname="testng.Timeout"/>
</testsuite> <!-- testng.Timeout -->
