<?xml version="1.0" encoding="UTF-8"?>
<!-- Generated by org.testng.reporters.JUnitReportReporter -->
<testsuite skipped="0" hostname="LAPTOP-J0IRR7B1" name="basicBDD.webpagesscripts.Actitime" tests="3" failures="0" timestamp="11 Feb 2023 13:50:21 GMT" time="39.172" errors="0">
  <testcase name="taskCreation" time="13.692" classname="basicBDD.webpagesscripts.Actitime"/>
  <testcase name="taskModification" time="11.835" classname="basicBDD.webpagesscripts.Actitime"/>
  <testcase name="taskDeletion" time="13.645" classname="basicBDD.webpagesscripts.Actitime"/>
</testsuite> <!-- basicBDD.webpagesscripts.Actitime -->
