<?xml version="1.0" encoding="UTF-8"?>
<!-- Generated by org.testng.reporters.JUnitReportReporter -->
<testsuite skipped="0" hostname="LAPTOP-J0IRR7B1" name="actitime.login" tests="4" failures="0" timestamp="27 Jul 2023 01:05:51 GMT" time="27.276" errors="0">
  <testcase name="a" time="8.997" classname="actitime.login"/>
  <testcase name="b" time="6.698" classname="actitime.login"/>
  <testcase name="d" time="5.899" classname="actitime.login"/>
  <testcase name="c" time="5.682" classname="actitime.login"/>
</testsuite> <!-- actitime.login -->
