<?xml version="1.0" encoding="UTF-8"?>
<!-- Generated by org.testng.reporters.JUnitReportReporter -->
<testsuite skipped="0" hostname="LAPTOP-J0IRR7B1" name="testng.Priority" tests="4" failures="0" timestamp="25 Jan 2023 15:58:27 GMT" time="0.000" errors="0">
  <testcase name="openBrowserAndAppURL" time="0.000" classname="testng.Priority"/>
  <testcase name="login" time="0.000" classname="testng.Priority"/>
  <testcase name="createTask" time="0.000" classname="testng.Priority"/>
  <testcase name="logoutClose" time="0.000" classname="testng.Priority"/>
</testsuite> <!-- testng.Priority -->
