<?xml version="1.0" encoding="UTF-8"?>
<!-- Generated by org.testng.reporters.JUnitReportReporter -->
<testsuite skipped="0" hostname="LAPTOP-J0IRR7B1" name="testng.Example5" tests="4" failures="0" timestamp="25 Jan 2023 14:58:29 GMT" time="5.346" errors="0">
  <testcase name="a_openBrowserAndAppURL" time="5.186" classname="testng.Example5"/>
  <testcase name="c_createTask" time="0.001" classname="testng.Example5"/>
  <testcase name="d_logoutClose" time="0.001" classname="testng.Example5"/>
  <testcase name="b_login" time="0.158" classname="testng.Example5"/>
</testsuite> <!-- testng.Example5 -->
