<?xml version="1.0" encoding="UTF-8"?>
<!-- Generated by org.testng.reporters.JUnitReportReporter -->
<testsuite skipped="0" hostname="LAPTOP-J0IRR7B1" name="parallel.FirefoxTest" tests="3" failures="0" timestamp="08 Feb 2023 17:55:53 GMT" time="6.463" errors="0">
  <testcase name="testTitle" time="0.017" classname="parallel.FirefoxTest"/>
  <testcase name="clickOffers" time="3.381" classname="parallel.FirefoxTest"/>
  <testcase name="clickOrders" time="3.065" classname="parallel.FirefoxTest"/>
</testsuite> <!-- parallel.FirefoxTest -->
