<?xml version="1.0" encoding="UTF-8"?>
<!-- Generated by org.testng.reporters.JUnitReportReporter -->
<testsuite skipped="0" hostname="LAPTOP-J0IRR7B1" name="wbDDT.Allinone" tests="6" failures="0" timestamp="02 Feb 2023 00:05:45 GMT" time="119.571" errors="0">
  <testcase name="Actitimenegative" time="22.563" classname="wbDDT.Allinone"/>
  <testcase name="Actitimepositive" time="23.021" classname="wbDDT.Allinone"/>
  <testcase name="vtigerpositive" time="28.935" classname="wbDDT.Allinone"/>
  <testcase name="oranagehrmpositive" time="20.064" classname="wbDDT.Allinone"/>
  <testcase name="vtigernegative" time="4.998" classname="wbDDT.Allinone"/>
  <testcase name="oranagehrmnegative" time="19.990" classname="wbDDT.Allinone"/>
</testsuite> <!-- wbDDT.Allinone -->
