<?xml version="1.0" encoding="UTF-8"?>
<!-- Generated by org.testng.reporters.JUnitReportReporter -->
<testsuite skipped="0" hostname="LAPTOP-J0IRR7B1" name="annotations.GoogleApplicationWithBeforeAfteeClass" tests="2" failures="0" timestamp="30 Jan 2023 17:57:44 GMT" time="5.318" errors="0">
  <testcase name="testReportsPage" time="2.855" classname="annotations.GoogleApplicationWithBeforeAfteeClass"/>
  <testcase name="testVtigerHomePage" time="2.463" classname="annotations.GoogleApplicationWithBeforeAfteeClass"/>
</testsuite> <!-- annotations.GoogleApplicationWithBeforeAfteeClass -->
