<?xml version="1.0" encoding="UTF-8"?>
<!-- Generated by org.testng.reporters.JUnitReportReporter -->
<testsuite skipped="0" hostname="LAPTOP-J0IRR7B1" name="dataprovider.Datapro" tests="3" failures="0" timestamp="02 Feb 2023 17:30:18 GMT" time="17.414" errors="0">
  <testcase name="loginInVtiger" time="5.603" classname="dataprovider.Datapro"/>
  <testcase name="loginInVtiger" time="5.310" classname="dataprovider.Datapro"/>
  <testcase name="loginInVtiger" time="6.501" classname="dataprovider.Datapro"/>
</testsuite> <!-- dataprovider.Datapro -->
