<?xml version="1.0" encoding="UTF-8"?>
<!-- Generated by org.testng.reporters.JUnitReportReporter -->
<testsuite skipped="0" hostname="LAPTOP-J0IRR7B1" name="dataprovider.trial2" tests="2" failures="0" timestamp="27 Jul 2023 00:31:45 GMT" time="16.186" errors="0">
  <testcase name="login" time="7.721" classname="dataprovider.trial2"/>
  <testcase name="login" time="8.465" classname="dataprovider.trial2"/>
</testsuite> <!-- dataprovider.trial2 -->
