<?xml version="1.0" encoding="UTF-8"?>
<!-- Generated by org.testng.reporters.JUnitReportReporter -->
<testsuite skipped="0" hostname="LAPTOP-J0IRR7B1" name="wbDDT.DDTTestng" tests="1" failures="0" timestamp="01 Feb 2023 18:39:57 GMT" time="5.933" errors="0">
  <testcase name="actitimeLogin" time="5.933" classname="wbDDT.DDTTestng"/>
</testsuite> <!-- wbDDT.DDTTestng -->
