<?xml version="1.0" encoding="UTF-8"?>
<!-- Generated by org.testng.reporters.JUnitReportReporter -->
<testsuite skipped="0" hostname="LAPTOP-J0IRR7B1" name="annotations.GoogleApplicationWithBeforeAfterMethod" tests="2" failures="0" timestamp="30 Jan 2023 18:14:17 GMT" time="9.650" errors="0">
  <testcase name="testGoogleLandingPage" time="3.297" classname="annotations.GoogleApplicationWithBeforeAfterMethod"/>
  <testcase name="testSearch" time="6.353" classname="annotations.GoogleApplicationWithBeforeAfterMethod"/>
</testsuite> <!-- annotations.GoogleApplicationWithBeforeAfterMethod -->
