<?xml version="1.0" encoding="UTF-8"?>
<!-- Generated by org.testng.reporters.JUnitReportReporter -->
<testsuite skipped="0" hostname="LAPTOP-J0IRR7B1" name="testng.Example2" tests="3" failures="0" timestamp="25 Jan 2023 13:51:20 GMT" time="0.010" errors="0">
  <testcase name="login" time="0.001" classname="testng.Example2"/>
  <testcase name="signUp" time="0.001" classname="testng.Example2"/>
  <testcase name="compose" time="0.008" classname="testng.Example2"/>
</testsuite> <!-- testng.Example2 -->
