<?xml version="1.0" encoding="UTF-8"?>
<!-- Generated by org.testng.reporters.JUnitReportReporter -->
<testsuite skipped="0" hostname="LAPTOP-J0IRR7B1" name="testng.Example1" tests="3" failures="0" timestamp="25 Jan 2023 13:48:05 GMT" time="0.013" errors="0">
  <testcase name="b_login" time="0.001" classname="testng.Example1"/>
  <testcase name="c_compose" time="0.002" classname="testng.Example1"/>
  <testcase name="a_signUp" time="0.010" classname="testng.Example1"/>
</testsuite> <!-- testng.Example1 -->
