<?xml version="1.0" encoding="UTF-8"?>
<!-- Generated by org.testng.reporters.JUnitReportReporter -->
<testsuite skipped="0" hostname="LAPTOP-J0IRR7B1" name="basicBDD.webpagesscripts.Vtiger" tests="3" failures="0" timestamp="11 Feb 2023 13:52:16 GMT" time="39.091" errors="0">
  <testcase name="leadCreation" time="10.548" classname="basicBDD.webpagesscripts.Vtiger"/>
  <testcase name="leadmodifition" time="10.738" classname="basicBDD.webpagesscripts.Vtiger"/>
  <testcase name="leadDeletion" time="17.805" classname="basicBDD.webpagesscripts.Vtiger"/>
</testsuite> <!-- basicBDD.webpagesscripts.Vtiger -->
