<?xml version="1.0" encoding="UTF-8"?>
<!-- Generated by org.testng.reporters.JUnitReportReporter -->
<testsuite skipped="0" hostname="LAPTOP-J0IRR7B1" name="actitime.UtilityactirimeTestng" tests="2" failures="0" timestamp="07 Feb 2023 21:26:53 GMT" time="34.602" errors="0">
  <testcase name="delete" time="19.779" classname="actitime.UtilityactirimeTestng"/>
  <testcase name="create" time="14.823" classname="actitime.UtilityactirimeTestng"/>
</testsuite> <!-- actitime.UtilityactirimeTestng -->
