<?xml version="1.0" encoding="UTF-8"?>
<!-- Generated by org.testng.reporters.JUnitReportReporter -->
<testsuite skipped="0" hostname="LAPTOP-J0IRR7B1" name="annotations.Gsearch" tests="4" failures="0" timestamp="11 Feb 2023 14:19:44 GMT" time="3.054" errors="0">
  <testcase name="open" time="2.234" classname="annotations.Gsearch"/>
  <testcase name="popup" time="0.085" classname="annotations.Gsearch"/>
  <testcase name="search" time="0.551" classname="annotations.Gsearch"/>
  <testcase name="close" time="0.184" classname="annotations.Gsearch"/>
</testsuite> <!-- annotations.Gsearch -->
