<?xml version="1.0" encoding="UTF-8"?>
<!-- Generated by org.testng.reporters.JUnitReportReporter -->
<testsuite skipped="0" hostname="LAPTOP-J0IRR7B1" name="wbDDT.Actitimelogin" tests="1" failures="0" timestamp="01 Feb 2023 18:48:05 GMT" time="6.069" errors="0">
  <testcase name="actitimeLogin" time="6.069" classname="wbDDT.Actitimelogin"/>
</testsuite> <!-- wbDDT.Actitimelogin -->
