<?xml version="1.0" encoding="UTF-8"?>
<!-- Generated by org.testng.reporters.JUnitReportReporter -->
<testsuite skipped="0" hostname="LAPTOP-J0IRR7B1" name="annotations.Gsearch" tests="4" failures="0" timestamp="01 Feb 2023 14:06:36 GMT" time="2.852" errors="0">
  <testcase name="open" time="2.179" classname="annotations.Gsearch"/>
  <testcase name="popup" time="0.059" classname="annotations.Gsearch"/>
  <testcase name="search" time="0.457" classname="annotations.Gsearch"/>
  <testcase name="close" time="0.157" classname="annotations.Gsearch"/>
</testsuite> <!-- annotations.Gsearch -->
