<?xml version="1.0" encoding="UTF-8"?>
<!-- Generated by org.testng.reporters.JUnitReportReporter -->
<testsuite skipped="0" hostname="LAPTOP-J0IRR7B1" name="annotations.Gsearch" tests="4" failures="0" timestamp="24 May 2023 13:17:32 GMT" time="12.480" errors="0">
  <testcase name="open" time="2.142" classname="annotations.Gsearch"/>
  <testcase name="popup" time="0.065" classname="annotations.Gsearch"/>
  <testcase name="search" time="10.150" classname="annotations.Gsearch"/>
  <testcase name="close" time="0.123" classname="annotations.Gsearch"/>
</testsuite> <!-- annotations.Gsearch -->
