<?xml version="1.0" encoding="UTF-8"?>
<!-- Generated by org.testng.reporters.JUnitReportReporter -->
<testsuite skipped="0" hostname="LAPTOP-J0IRR7B1" name="retry.UtilityactirimeTestng" tests="2" failures="0" timestamp="24 May 2023 13:44:04 GMT" time="15.030" errors="0">
  <testcase name="create" time="12.154" classname="retry.UtilityactirimeTestng"/>
  <testcase name="delete" time="2.876" classname="retry.UtilityactirimeTestng"/>
</testsuite> <!-- retry.UtilityactirimeTestng -->
