<?xml version="1.0" encoding="UTF-8"?>
<!-- Generated by org.testng.reporters.JUnitReportReporter -->
<testsuite skipped="0" hostname="LAPTOP-J0IRR7B1" name="parallel.EdgeTest" tests="3" failures="0" timestamp="08 Feb 2023 17:55:53 GMT" time="4.710" errors="0">
  <testcase name="testTitle" time="0.000" classname="parallel.EdgeTest"/>
  <testcase name="clickOffers" time="2.175" classname="parallel.EdgeTest"/>
  <testcase name="clickOrders" time="2.535" classname="parallel.EdgeTest"/>
</testsuite> <!-- parallel.EdgeTest -->
