<?xml version="1.0" encoding="UTF-8"?>
<!-- Generated by org.testng.reporters.JUnitReportReporter -->
<testsuite skipped="0" hostname="LAPTOP-J0IRR7B1" name="extendreports.ExtentReportPIM" tests="3" failures="0" timestamp="08 Feb 2023 20:09:54 GMT" time="34.568" errors="0">
  <testcase name="PIMcreation" time="9.775" classname="extendreports.ExtentReportPIM"/>
  <testcase name="PIMModofication" time="6.923" classname="extendreports.ExtentReportPIM"/>
  <testcase name="PIMDeletion" time="17.870" classname="extendreports.ExtentReportPIM"/>
</testsuite> <!-- extendreports.ExtentReportPIM -->
