<?xml version="1.0" encoding="UTF-8"?>
<!-- Generated by org.testng.reporters.JUnitReportReporter -->
<testsuite skipped="0" hostname="LAPTOP-J0IRR7B1" name="browseropening.Test1" tests="1" failures="0" timestamp="24 Jan 2023 15:28:53 GMT" time="0.008" errors="0">
  <testcase name="Tc1" time="0.008" classname="browseropening.Test1"/>
</testsuite> <!-- browseropening.Test1 -->
