<?xml version="1.0" encoding="UTF-8"?>
<!-- Generated by org.testng.reporters.JUnitReportReporter -->
<testsuite skipped="0" hostname="LAPTOP-J0IRR7B1" name="grouping.Allinone" tests="3" failures="0" timestamp="13 Jul 2023 18:18:11 GMT" time="28.299" errors="0">
  <testcase name="Actitimenegative" time="7.571" classname="grouping.Allinone"/>
  <testcase name="vtigernegative" time="16.730" classname="grouping.Allinone"/>
  <testcase name="oranagehrmnegative" time="3.998" classname="grouping.Allinone"/>
</testsuite> <!-- grouping.Allinone -->
