<?xml version="1.0" encoding="UTF-8"?>
<!-- Generated by org.testng.reporters.JUnitReportReporter -->
<testsuite skipped="0" hostname="LAPTOP-J0IRR7B1" name="parallel.ParallelMethod" tests="2" failures="0" timestamp="13 Jul 2023 21:00:00 GMT" time="9.500" errors="0">
  <testcase name="testChrome" time="4.312" classname="parallel.ParallelMethod"/>
  <testcase name="testFirefox" time="5.188" classname="parallel.ParallelMethod"/>
</testsuite> <!-- parallel.ParallelMethod -->
