<?xml version="1.0" encoding="UTF-8"?>
<!-- Generated by org.testng.reporters.JUnitReportReporter -->
<testsuite skipped="0" hostname="LAPTOP-J0IRR7B1" name="parameterization.orangehrm" tests="1" failures="0" timestamp="02 Feb 2023 16:38:10 GMT" time="4.828" errors="0">
  <testcase name="orangehrmlogin" time="4.828" classname="parameterization.orangehrm"/>
</testsuite> <!-- parameterization.orangehrm -->
