<?xml version="1.0" encoding="UTF-8"?>
<!-- Generated by org.testng.reporters.JUnitReportReporter -->
<testsuite skipped="0" hostname="LAPTOP-J0IRR7B1" name="basicBDD.webpagesscripts.TestGoogleSearchPage" tests="2" failures="0" timestamp="09 Feb 2023 18:14:33 GMT" time="8.580" errors="0">
  <testcase name="testSuggestionCount" time="2.710" classname="basicBDD.webpagesscripts.TestGoogleSearchPage"/>
  <testcase name="testGoogleSearchFunctinality" time="5.870" classname="basicBDD.webpagesscripts.TestGoogleSearchPage"/>
</testsuite> <!-- basicBDD.webpagesscripts.TestGoogleSearchPage -->
