<?xml version="1.0" encoding="UTF-8"?>
<!-- Generated by org.testng.reporters.JUnitReportReporter -->
<testsuite skipped="0" hostname="LAPTOP-J0IRR7B1" name="parallel.ParallelMethod" tests="3" failures="0" timestamp="08 Feb 2023 18:18:26 GMT" time="16.010" errors="0">
  <testcase name="testChrome" time="4.155" classname="parallel.ParallelMethod"/>
  <testcase name="testFirefox" time="6.796" classname="parallel.ParallelMethod"/>
  <testcase name="testTitle" time="5.059" classname="parallel.ParallelMethod"/>
</testsuite> <!-- parallel.ParallelMethod -->
