<?xml version="1.0" encoding="UTF-8"?>
<!-- Generated by org.testng.reporters.JUnitReportReporter -->
<testsuite skipped="0" hostname="LAPTOP-J0IRR7B1" name="wbDDT.trial" tests="2" failures="0" timestamp="20 Sep 2023 13:37:41 GMT" time="13.940" errors="0">
  <testcase name="negative" time="6.706" classname="wbDDT.trial"/>
  <testcase name="positive" time="7.234" classname="wbDDT.trial"/>
</testsuite> <!-- wbDDT.trial -->
