<?xml version="1.0" encoding="UTF-8"?>
<!-- Generated by org.testng.reporters.JUnitReportReporter -->
<testsuite skipped="0" hostname="LAPTOP-J0IRR7B1" name="annotations.Amazon" tests="4" failures="0" timestamp="11 Feb 2023 14:19:44 GMT" time="11.869" errors="0">
  <testcase name="open" time="5.126" classname="annotations.Amazon"/>
  <testcase name="all" time="1.993" classname="annotations.Amazon"/>
  <testcase name="checkbox" time="4.536" classname="annotations.Amazon"/>
  <testcase name="close" time="0.214" classname="annotations.Amazon"/>
</testsuite> <!-- annotations.Amazon -->
