<?xml version="1.0" encoding="UTF-8"?>
<!-- Generated by org.testng.reporters.JUnitReportReporter -->
<testsuite skipped="0" hostname="LAPTOP-J0IRR7B1" name="annotations.Flipkart" tests="4" failures="0" timestamp="11 Feb 2023 14:19:44 GMT" time="8.657" errors="0">
  <testcase name="open" time="6.474" classname="annotations.Flipkart"/>
  <testcase name="popup" time="0.259" classname="annotations.Flipkart"/>
  <testcase name="search" time="1.704" classname="annotations.Flipkart"/>
  <testcase name="close" time="0.220" classname="annotations.Flipkart"/>
</testsuite> <!-- annotations.Flipkart -->
