<?xml version="1.0" encoding="UTF-8"?>
<!-- Generated by org.testng.reporters.JUnitReportReporter -->
<testsuite skipped="0" hostname="LAPTOP-J0IRR7B1" name="wbDDT.Wbreading" tests="4" failures="0" timestamp="01 Feb 2023 14:41:46 GMT" time="0.493" errors="0">
  <testcase name="readSheetDetails" time="0.430" classname="wbDDT.Wbreading"/>
  <testcase name="getRowDetails" time="0.016" classname="wbDDT.Wbreading"/>
  <testcase name="getCellDetails" time="0.031" classname="wbDDT.Wbreading"/>
  <testcase name="getDiffTypeOfCellData" time="0.016" classname="wbDDT.Wbreading"/>
</testsuite> <!-- wbDDT.Wbreading -->
