<?xml version="1.0" encoding="UTF-8"?>
<!-- Generated by org.testng.reporters.JUnitReportReporter -->
<testsuite skipped="0" hostname="LAPTOP-J0IRR7B1" name="actitime.UtilityactirimeTestng" tests="2" failures="0" timestamp="10 Feb 2023 20:22:03 GMT" time="17.297" errors="0">
  <testcase name="delete" time="3.178" classname="actitime.UtilityactirimeTestng"/>
  <testcase name="create" time="14.119" classname="actitime.UtilityactirimeTestng"/>
</testsuite> <!-- actitime.UtilityactirimeTestng -->
