<?xml version="1.0" encoding="UTF-8"?>
<!-- Generated by org.testng.reporters.JUnitReportReporter -->
<testsuite skipped="0" hostname="LAPTOP-J0IRR7B1" name="extendreports.UtilityactirimeTestng" tests="2" failures="0" timestamp="08 Feb 2023 20:05:57 GMT" time="30.843" errors="0">
  <testcase name="create" time="12.315" classname="extendreports.UtilityactirimeTestng"/>
  <testcase name="delete" time="18.528" classname="extendreports.UtilityactirimeTestng"/>
</testsuite> <!-- extendreports.UtilityactirimeTestng -->
