<?xml version="1.0" encoding="UTF-8"?>
<!-- Generated by org.testng.reporters.JUnitReportReporter -->
<testsuite skipped="0" hostname="LAPTOP-J0IRR7B1" name="grouping.Allinone" tests="3" failures="0" timestamp="02 Feb 2023 16:35:42 GMT" time="19.091" errors="0">
  <testcase name="oranagehrmnegative" time="5.021" classname="grouping.Allinone"/>
  <testcase name="Actitimenegative" time="9.694" classname="grouping.Allinone"/>
  <testcase name="vtigernegative" time="4.376" classname="grouping.Allinone"/>
</testsuite> <!-- grouping.Allinone -->
