<?xml version="1.0" encoding="UTF-8"?>
<!-- Generated by org.testng.reporters.JUnitReportReporter -->
<testsuite skipped="0" hostname="LAPTOP-J0IRR7B1" name="annotations.GoogleApplicationWithBeforeAfterTest" tests="2" failures="0" timestamp="30 Jan 2023 18:19:33 GMT" time="3.277" errors="0">
  <testcase name="testGoogleLandingPage" time="0.032" classname="annotations.GoogleApplicationWithBeforeAfterTest"/>
  <testcase name="testSearch" time="3.245" classname="annotations.GoogleApplicationWithBeforeAfterTest"/>
</testsuite> <!-- annotations.GoogleApplicationWithBeforeAfterTest -->
