<?xml version="1.0" encoding="UTF-8"?>
<!-- Generated by org.testng.reporters.JUnitReportReporter -->
<testsuite skipped="0" hostname="LAPTOP-J0IRR7B1" name="orangehrm.UtilityPIMTestng" tests="3" failures="0" timestamp="09 Feb 2023 19:03:46 GMT" time="36.915" errors="0">
  <testcase name="PIMcreation" time="11.663" classname="orangehrm.UtilityPIMTestng"/>
  <testcase name="PIMModofication" time="7.615" classname="orangehrm.UtilityPIMTestng"/>
  <testcase name="PIMDeletion" time="17.637" classname="orangehrm.UtilityPIMTestng"/>
</testsuite> <!-- orangehrm.UtilityPIMTestng -->
