<?xml version="1.0" encoding="UTF-8"?>
<!-- Generated by org.testng.reporters.JUnitReportReporter -->
<testsuite skipped="0" hostname="LAPTOP-J0IRR7B1" name="testng.Example3" tests="3" failures="0" timestamp="25 Jan 2023 13:52:20 GMT" time="0.009" errors="0">
  <testcase name="testCase2" time="0.001" classname="testng.Example3"/>
  <testcase name="testCase3" time="0.001" classname="testng.Example3"/>
  <testcase name="testCase1" time="0.007" classname="testng.Example3"/>
</testsuite> <!-- testng.Example3 -->
