<?xml version="1.0" encoding="UTF-8"?>
<!-- Generated by org.testng.reporters.JUnitReportReporter -->
<testsuite skipped="2" hostname="LAPTOP-J0IRR7B1" name="testng.Enabled" tests="4" failures="0" timestamp="25 Jan 2023 15:47:29 GMT" time="0.000" errors="0">
  <testcase name="openBrowserAndAppURL" time="0.000" classname="testng.Enabled"/>
  <testcase name="logoutClose" time="0.000" classname="testng.Enabled"/>
  <testcase name="createTask" classname="testng.Enabled">
    <skipped/>
  </testcase> <!-- createTask -->
  <testcase name="login" classname="testng.Enabled">
    <skipped/>
  </testcase> <!-- login -->
</testsuite> <!-- testng.Enabled -->
