<?xml version="1.0" encoding="UTF-8"?>
<!-- Generated by org.testng.reporters.JUnitReportReporter -->
<testsuite skipped="0" hostname="LAPTOP-J0IRR7B1" name="testng.InvocationCount" tests="5" failures="0" timestamp="25 Jan 2023 15:51:17 GMT" time="0.016" errors="0">
  <testcase name="openBrowserAndAppURL" time="0.000" classname="testng.InvocationCount"/>
  <testcase name="openBrowserAndAppURL" time="0.000" classname="testng.InvocationCount"/>
  <testcase name="openBrowserAndAppURL" time="0.000" classname="testng.InvocationCount"/>
  <testcase name="openBrowserAndAppURL" time="0.016" classname="testng.InvocationCount"/>
  <testcase name="openBrowserAndAppURL" time="0.000" classname="testng.InvocationCount"/>
</testsuite> <!-- testng.InvocationCount -->
