<?xml version="1.0" encoding="UTF-8"?>
<!-- Generated by org.testng.reporters.JUnitReportReporter -->
<testsuite skipped="0" hostname="LAPTOP-J0IRR7B1" name="parallel.ChromeTest" tests="3" failures="0" timestamp="08 Feb 2023 17:55:53 GMT" time="5.315" errors="0">
  <testcase name="testTitle" time="0.017" classname="parallel.ChromeTest"/>
  <testcase name="clickOffers" time="2.243" classname="parallel.ChromeTest"/>
  <testcase name="clickOrders" time="3.055" classname="parallel.ChromeTest"/>
</testsuite> <!-- parallel.ChromeTest -->
