<?xml version="1.0" encoding="UTF-8"?>
<!-- Generated by org.testng.reporters.JUnitReportReporter -->
<testsuite skipped="0" hostname="LAPTOP-J0IRR7B1" name="testng.Amazon" tests="3" failures="0" timestamp="24 May 2023 13:47:57 GMT" time="12.162" errors="0">
  <testcase name="open" time="6.255" classname="testng.Amazon"/>
  <testcase name="all" time="1.743" classname="testng.Amazon"/>
  <testcase name="checkbox" time="4.164" classname="testng.Amazon"/>
</testsuite> <!-- testng.Amazon -->
