<?xml version="1.0" encoding="UTF-8"?>
<!-- Generated by org.testng.reporters.JUnitReportReporter -->
<testsuite skipped="0" hostname="LAPTOP-J0IRR7B1" name="testng.DependsOn" tests="4" failures="0" timestamp="25 Jan 2023 16:05:40 GMT" time="0.000" errors="0">
  <testcase name="createPIM" time="0.000" classname="testng.DependsOn"/>
  <testcase name="modifyPIM" time="0.000" classname="testng.DependsOn"/>
  <testcase name="deletePIM" time="0.000" classname="testng.DependsOn"/>
  <testcase name="logoutClose" time="0.000" classname="testng.DependsOn"/>
</testsuite> <!-- testng.DependsOn -->
