<?xml version="1.0" encoding="UTF-8"?>
<!-- Generated by org.testng.reporters.JUnitReportReporter -->
<testsuite skipped="0" hostname="LAPTOP-J0IRR7B1" name="parallel.paralleltest" tests="4" failures="0" timestamp="07 Feb 2023 13:48:55 GMT" time="220.687" errors="0">
  <testcase name="testLoginOfVtiger2" time="27.432" classname="parallel.paralleltest"/>
  <testcase name="testLoginOfVtiger2" time="81.677" classname="parallel.paralleltest"/>
  <testcase name="testLoginOfVtiger" time="46.018" classname="parallel.paralleltest"/>
  <testcase name="testLoginOfVtiger" time="65.560" classname="parallel.paralleltest"/>
</testsuite> <!-- parallel.paralleltest -->
