<?xml version="1.0" encoding="UTF-8"?>
<!-- Generated by org.testng.reporters.JUnitReportReporter -->
<testsuite skipped="0" hostname="LAPTOP-J0IRR7B1" name="vtiger.UtilityVtigerTestng" tests="3" failures="0" timestamp="08 Feb 2023 21:30:12 GMT" time="27.500" errors="0">
  <testcase name="create" time="9.225" classname="vtiger.UtilityVtigerTestng"/>
  <testcase name="modify" time="4.839" classname="vtiger.UtilityVtigerTestng"/>
  <testcase name="delete" time="13.436" classname="vtiger.UtilityVtigerTestng"/>
</testsuite> <!-- vtiger.UtilityVtigerTestng -->
