<?xml version="1.0" encoding="UTF-8"?>
<!-- Generated by org.testng.reporters.JUnitReportReporter -->
<testsuite skipped="0" hostname="LAPTOP-J0IRR7B1" name="testng.AssertMethods" tests="1" failures="0" timestamp="31 Jan 2023 22:04:53 GMT" time="4.381" errors="0">
  <testcase name="testCase1" time="4.381" classname="testng.AssertMethods"/>
</testsuite> <!-- testng.AssertMethods -->
