<?xml version="1.0" encoding="UTF-8"?>
<!-- Generated by org.testng.reporters.JUnitReportReporter -->
<testsuite skipped="0" hostname="LAPTOP-J0IRR7B1" name="dataprovider.Negativeall" tests="3" failures="0" timestamp="02 Feb 2023 23:53:28 GMT" time="20.915" errors="0">
  <testcase name="Actitime" time="7.026" classname="dataprovider.Negativeall"/>
  <testcase name="oranagehrmnegative" time="4.310" classname="dataprovider.Negativeall"/>
  <testcase name="vtigernegative" time="9.579" classname="dataprovider.Negativeall"/>
</testsuite> <!-- dataprovider.Negativeall -->
