<?xml version="1.0" encoding="UTF-8"?>
<!-- Generated by org.testng.reporters.JUnitReportReporter -->
<testsuite skipped="3" hostname="LAPTOP-J0IRR7B1" name="parallel.FirefoxTest" tests="3" failures="0" timestamp="13 Jul 2023 21:04:07 GMT" time="0.000" errors="0">
  <testcase name="testTitle" time="0.000" classname="parallel.FirefoxTest">
    <skipped/>
  </testcase> <!-- testTitle -->
  <testcase name="clickOffers" time="0.000" classname="parallel.FirefoxTest">
    <skipped/>
  </testcase> <!-- clickOffers -->
  <testcase name="clickOrders" time="0.000" classname="parallel.FirefoxTest">
    <skipped/>
  </testcase> <!-- clickOrders -->
</testsuite> <!-- parallel.FirefoxTest -->
