<?xml version="1.0" encoding="UTF-8"?>
<!-- Generated by org.testng.reporters.JUnitReportReporter -->
<testsuite skipped="0" hostname="LAPTOP-J0IRR7B1" name="parameterization.Vtiger" tests="1" failures="0" timestamp="02 Feb 2023 16:38:10 GMT" time="5.514" errors="0">
  <testcase name="vtigerlogin" time="5.514" classname="parameterization.Vtiger"/>
</testsuite> <!-- parameterization.Vtiger -->
