<?xml version="1.0" encoding="UTF-8"?>
<!-- Generated by org.testng.reporters.JUnitReportReporter -->
<testsuite skipped="0" hostname="LAPTOP-J0IRR7B1" name="dataprovider.copy.trial" tests="2" failures="0" timestamp="21 Sep 2023 14:07:11 GMT" time="18.954" errors="0">
  <testcase name="login" time="7.549" classname="dataprovider.copy.trial"/>
  <testcase name="login" time="11.405" classname="dataprovider.copy.trial"/>
</testsuite> <!-- dataprovider.copy.trial -->
