<?xml version="1.0" encoding="UTF-8"?>
<!-- Generated by org.testng.reporters.JUnitReportReporter -->
<testsuite skipped="0" hostname="LAPTOP-J0IRR7B1" name="wbDDT.DDT1" tests="4" failures="0" timestamp="01 Feb 2023 18:22:21 GMT" time="0.504" errors="0">
  <testcase name="sheet" time="0.395" classname="wbDDT.DDT1"/>
  <testcase name="row" time="0.047" classname="wbDDT.DDT1"/>
  <testcase name="cell" time="0.031" classname="wbDDT.DDT1"/>
  <testcase name="value" time="0.031" classname="wbDDT.DDT1"/>
</testsuite> <!-- wbDDT.DDT1 -->
