<?xml version="1.0" encoding="UTF-8"?>
<!-- Generated by org.testng.reporters.JUnitReportReporter -->
<testsuite skipped="0" hostname="LAPTOP-J0IRR7B1" name="basicBDD.webpagesscripts.Testgsm" tests="1" failures="0" timestamp="14 Jul 2023 12:40:26 GMT" time="45.642" errors="0">
  <testcase name="testGsmarenaSamasung" time="45.642" classname="basicBDD.webpagesscripts.Testgsm"/>
</testsuite> <!-- basicBDD.webpagesscripts.Testgsm -->
