<?xml version="1.0" encoding="UTF-8"?>
<!-- Generated by org.testng.reporters.JUnitReportReporter -->
<testsuite skipped="0" hostname="LAPTOP-J0IRR7B1" name="parallel.paralleltest" tests="4" failures="0" timestamp="13 Jul 2023 21:02:08 GMT" time="28.461" errors="0">
  <testcase name="testLoginOfVtiger" time="14.166" classname="parallel.paralleltest"/>
  <testcase name="testLoginOfVtiger2" time="4.384" classname="parallel.paralleltest"/>
  <testcase name="testLoginOfVtiger2" time="5.465" classname="parallel.paralleltest"/>
  <testcase name="testLoginOfVtiger" time="4.446" classname="parallel.paralleltest"/>
</testsuite> <!-- parallel.paralleltest -->
