<?xml version="1.0" encoding="UTF-8"?>
<!-- Generated by org.testng.reporters.JUnitReportReporter -->
<testsuite skipped="0" hostname="LAPTOP-J0IRR7B1" name="parameterization.orangehrm" tests="1" failures="0" timestamp="20 Sep 2023 23:54:55 GMT" time="4.730" errors="0">
  <testcase name="orangehrmlogin" time="4.730" classname="parameterization.orangehrm"/>
</testsuite> <!-- parameterization.orangehrm -->
