<?xml version="1.0" encoding="UTF-8"?>
<!-- Generated by org.testng.reporters.JUnitReportReporter -->
<testsuite skipped="0" hostname="LAPTOP-J0IRR7B1" name="basicBDD.webpagesscripts.TestGoogleSearchPage" tests="2" failures="0" timestamp="24 May 2023 18:33:32 GMT" time="9.380" errors="0">
  <testcase name="testSuggestionCount" time="3.522" classname="basicBDD.webpagesscripts.TestGoogleSearchPage"/>
  <testcase name="testGoogleSearchFunctinality" time="5.858" classname="basicBDD.webpagesscripts.TestGoogleSearchPage"/>
</testsuite> <!-- basicBDD.webpagesscripts.TestGoogleSearchPage -->
