<?xml version="1.0" encoding="UTF-8"?>
<!-- Generated by org.testng.reporters.JUnitReportReporter -->
<testsuite skipped="0" hostname="LAPTOP-J0IRR7B1" name="dataprovider.Data" tests="6" failures="0" timestamp="02 Feb 2023 17:36:27 GMT" time="30.087" errors="0">
  <testcase name="testLoginOfVtiger" time="6.337" classname="dataprovider.Data"/>
  <testcase name="setData" time="0.000" classname="dataprovider.Data"/>
  <testcase name="setData" time="0.000" classname="dataprovider.Data"/>
  <testcase name="setData" time="0.000" classname="dataprovider.Data"/>
  <testcase name="testLoginOfVtiger" time="20.844" classname="dataprovider.Data"/>
  <testcase name="testLoginOfVtiger" time="2.906" classname="dataprovider.Data"/>
</testsuite> <!-- dataprovider.Data -->
