<?xml version="1.0" encoding="UTF-8"?>
<!-- Generated by org.testng.reporters.JUnitReportReporter -->
<testsuite skipped="0" hostname="LAPTOP-J0IRR7B1" name="dataprovider.trial" tests="2" failures="0" timestamp="26 Jul 2023 23:45:44 GMT" time="14.613" errors="0">
  <testcase name="login" time="7.233" classname="dataprovider.trial"/>
  <testcase name="login" time="7.380" classname="dataprovider.trial"/>
</testsuite> <!-- dataprovider.trial -->
