<?xml version="1.0" encoding="UTF-8"?>
<!-- Generated by org.testng.reporters.JUnitReportReporter -->
<testsuite skipped="0" hostname="LAPTOP-J0IRR7B1" name="parameterization.copy.Vtiger" tests="1" failures="0" timestamp="21 Sep 2023 14:05:55 GMT" time="4.954" errors="0">
  <testcase name="vtigerlogin" time="4.954" classname="parameterization.copy.Vtiger"/>
</testsuite> <!-- parameterization.copy.Vtiger -->
