<?xml version="1.0" encoding="UTF-8"?>
<!-- Generated by org.testng.reporters.JUnitReportReporter -->
<testsuite skipped="0" hostname="LAPTOP-J0IRR7B1" name="dataprovider.PositiveAll" tests="3" failures="0" timestamp="02 Feb 2023 23:56:56 GMT" time="22.060" errors="0">
  <testcase name="Actitime" time="7.840" classname="dataprovider.PositiveAll"/>
  <testcase name="vtiger" time="9.954" classname="dataprovider.PositiveAll"/>
  <testcase name="oranagehrm" time="4.266" classname="dataprovider.PositiveAll"/>
</testsuite> <!-- dataprovider.PositiveAll -->
