<?xml version="1.0" encoding="UTF-8"?>
<!-- Generated by org.testng.reporters.JUnitReportReporter -->
<testsuite hostname="LAPTOP-J0IRR7B1" failures="0" tests="4" name="annotations.Gsearch" time="3.915" errors="0" timestamp="15 Feb 2023 19:05:47 GMT" skipped="0">
  <testcase classname="annotations.Gsearch" name="open" time="1.842"/>
  <testcase classname="annotations.Gsearch" name="popup" time="0.071"/>
  <testcase classname="annotations.Gsearch" name="search" time="1.898"/>
  <testcase classname="annotations.Gsearch" name="close" time="0.104"/>
</testsuite> <!-- annotations.Gsearch -->
