<?xml version="1.0" encoding="UTF-8"?>
<!-- Generated by org.testng.reporters.JUnitReportReporter -->
<testsuite hostname="LAPTOP-J0IRR7B1" failures="0" tests="4" name="annotations.Flipkart" time="11.309" errors="0" timestamp="15 Feb 2023 19:05:47 GMT" skipped="0">
  <testcase classname="annotations.Flipkart" name="open" time="9.087"/>
  <testcase classname="annotations.Flipkart" name="popup" time="0.204"/>
  <testcase classname="annotations.Flipkart" name="search" time="1.918"/>
  <testcase classname="annotations.Flipkart" name="close" time="0.100"/>
</testsuite> <!-- annotations.Flipkart -->
