<?xml version="1.0" encoding="UTF-8"?>
<!-- Generated by org.testng.reporters.JUnitReportReporter -->
<testsuite hostname="LAPTOP-J0IRR7B1" failures="0" tests="4" name="annotations.Flipkart" time="9.098" errors="0" timestamp="13 Feb 2023 01:22:11 GMT" skipped="0">
  <testcase classname="annotations.Flipkart" name="open" time="6.968"/>
  <testcase classname="annotations.Flipkart" name="popup" time="0.082"/>
  <testcase classname="annotations.Flipkart" name="search" time="1.949"/>
  <testcase classname="annotations.Flipkart" name="close" time="0.099"/>
</testsuite> <!-- annotations.Flipkart -->
