<?xml version="1.0" encoding="UTF-8"?>
<!-- Generated by org.testng.reporters.JUnitReportReporter -->
<testsuite hostname="LAPTOP-J0IRR7B1" failures="0" tests="1" name="browseropening.NewTest" time="2.778" errors="0" timestamp="03 Oct 2023 17:59:21 GMT" skipped="0">
  <testcase classname="browseropening.NewTest" name="f" time="2.778"/>
</testsuite> <!-- browseropening.NewTest -->
