<?xml version="1.0" encoding="UTF-8"?>
<!-- Generated by org.testng.reporters.JUnitReportReporter -->
<testsuite hostname="LAPTOP-J0IRR7B1" failures="0" tests="4" name="annotations.Gsearch" time="2.220" errors="0" timestamp="13 Feb 2023 01:22:11 GMT" skipped="0">
  <testcase classname="annotations.Gsearch" name="open" time="1.610"/>
  <testcase classname="annotations.Gsearch" name="popup" time="0.050"/>
  <testcase classname="annotations.Gsearch" name="search" time="0.472"/>
  <testcase classname="annotations.Gsearch" name="close" time="0.088"/>
</testsuite> <!-- annotations.Gsearch -->
