<?xml version="1.0" encoding="UTF-8"?>
<!-- Generated by org.testng.reporters.JUnitReportReporter -->
<testsuite hostname="LAPTOP-J0IRR7B1" failures="0" tests="4" name="annotations.Amazon" time="16.203" errors="0" timestamp="15 Feb 2023 19:05:47 GMT" skipped="0">
  <testcase classname="annotations.Amazon" name="open" time="6.318"/>
  <testcase classname="annotations.Amazon" name="all" time="2.045"/>
  <testcase classname="annotations.Amazon" name="checkbox" time="7.717"/>
  <testcase classname="annotations.Amazon" name="close" time="0.123"/>
</testsuite> <!-- annotations.Amazon -->
