<?xml version="1.0" encoding="UTF-8"?>
<!-- Generated by org.testng.reporters.JUnitReportReporter -->
<testsuite hostname="LAPTOP-J0IRR7B1" failures="0" tests="4" name="annotations.Amazon" time="8.757" errors="0" timestamp="13 Feb 2023 01:22:11 GMT" skipped="0">
  <testcase classname="annotations.Amazon" name="open" time="2.143"/>
  <testcase classname="annotations.Amazon" name="all" time="1.922"/>
  <testcase classname="annotations.Amazon" name="checkbox" time="4.563"/>
  <testcase classname="annotations.Amazon" name="close" time="0.129"/>
</testsuite> <!-- annotations.Amazon -->
